<?xml version="1.0" encoding="UTF-8"?>
<!-- Generated by org.testng.reporters.JUnitReportReporter -->
<testsuite hostname="DLLB0402" name="com.automation.report.ResultsIT" tests="1" failures="0" timestamp="29 May 2018 13:05:58 GMT" time="4.712" errors="0">
  <testcase name="sendResultsMail" time="4.712" classname="com.automation.report.ResultsIT"/>
</testsuite> <!-- com.automation.report.ResultsIT -->
