<?xml version="1.0" encoding="UTF-8"?>
<!-- Generated by org.testng.reporters.JUnitReportReporter -->
<testsuite name="com.automation.tests.WebTest" tests="3" time="139.862" ignored="0" failures="0" timestamp="01 Jun 2018 12:18:11 GMT" skipped="0" hostname="DLLB0402" errors="0">
  <testcase name="test3_verifyCheckOutFunctionality" time="51.091" classname="com.automation.tests.WebTest"/>
  <testcase name="test2_verifyLogInFunctionality" time="20.804" classname="com.automation.tests.WebTest"/>
  <testcase name="test1_verifySignUpFunctionality" time="67.967" classname="com.automation.tests.WebTest"/>
</testsuite> <!-- com.automation.tests.WebTest -->
