<?xml version="1.0" encoding="UTF-8"?>
<!-- Generated by org.testng.reporters.JUnitReportReporter -->
<testsuite hostname="DLLB0402" name="com.automation.tests.WebTest" tests="3" failures="0" timestamp="29 May 2018 13:05:51 GMT" time="137.249" errors="0">
  <testcase name="test3_verifyCheckOutFunctionality" time="47.609" classname="com.automation.tests.WebTest"/>
  <testcase name="test1_verifySignUpFunctionality" time="69.073" classname="com.automation.tests.WebTest"/>
  <testcase name="test2_verifyLogInFunctionality" time="20.567" classname="com.automation.tests.WebTest"/>
</testsuite> <!-- com.automation.tests.WebTest -->
